\BOOKMARK [1][-]{section.1}{INTRODUCTION}{}% 1
\BOOKMARK [2][-]{subsection.1.1}{Purpose}{section.1}% 2
\BOOKMARK [2][-]{subsection.1.2}{Scope}{section.1}% 3
\BOOKMARK [2][-]{subsection.1.3}{Definitions, Acronyms, Abbreviations}{section.1}% 4
\BOOKMARK [2][-]{subsection.1.4}{Revision History}{section.1}% 5
\BOOKMARK [2][-]{subsection.1.5}{Reference Documents}{section.1}% 6
\BOOKMARK [2][-]{subsection.1.6}{Document Structure}{section.1}% 7
\BOOKMARK [1][-]{section.2}{ARCHITECTURAL DESIGN}{}% 8
\BOOKMARK [2][-]{subsection.2.1}{Overview: High-level components and their interaction}{section.2}% 9
\BOOKMARK [2][-]{subsection.2.2}{Component view}{section.2}% 10
\BOOKMARK [2][-]{subsection.2.3}{Deployment view}{section.2}% 11
\BOOKMARK [2][-]{subsection.2.4}{Runtime view: You can use sequence diagrams to describe the way components interact to accomplish specific tasks typically related to your use cases}{section.2}% 12
\BOOKMARK [2][-]{subsection.2.5}{Component interfaces}{section.2}% 13
\BOOKMARK [2][-]{subsection.2.6}{Selected architectural styles and patterns: Please explain which styles/patterns you used, why, and how}{section.2}% 14
\BOOKMARK [2][-]{subsection.2.7}{Other design decisions}{section.2}% 15
\BOOKMARK [1][-]{section.3}{USER INTERFACE DESIGN: Provide an overview on how the user interface\(s\) of your system will look like; if you have included this part in the RASD, you can simply refer to what you have already done, possibly, providing here some extensions if applicable.}{}% 16
\BOOKMARK [1][-]{section.4}{REQUIREMENTS TRACEABILITY: Explain how the requirements you have defined in the RASD map to the design elements that you have defined in this document.}{}% 17
\BOOKMARK [1][-]{section.5}{IMPLEMENTATION, INTEGRATION AND TEST PLAN: Identify here the order in which you plan to implement the subcomponents of your system and the order in which you plan to integrate such subcomponents and test the integration.}{}% 18
\BOOKMARK [1][-]{section.6}{EFFORT SPENT}{}% 19
\BOOKMARK [1][-]{section.7}{References}{}% 20
