This is pdfTeX, Version 3.14159265-2.6-1.40.20 (MiKTeX 2.9.7200 64-bit) (preloaded format=pdflatex 2019.10.30)  3 DEC 2019 11:28
entering extended mode
**./RASD.tex
(RASD.tex
LaTeX2e <2019-10-01> patch level 1
("C:\Users\User\AppData\Local\Programs\MiKTeX 2.9\tex/latex/base\article.cls"
Document Class: article 2019/08/27 v1.4j Standard LaTeX document class
("C:\Users\User\AppData\Local\Programs\MiKTeX 2.9\tex/latex/base\size12.clo"
File: size12.clo 2019/08/27 v1.4j Standard LaTeX file (size option)
)
\c@part=\count80
\c@section=\count81
\c@subsection=\count82
\c@subsubsection=\count83
\c@paragraph=\count84
\c@subparagraph=\count85
\c@figure=\count86
\c@table=\count87
\abovecaptionskip=\skip41
\belowcaptionskip=\skip42
\bibindent=\dimen102
)
("C:\Users\User\AppData\Local\Programs\MiKTeX 2.9\tex/latex/base\inputenc.sty"
Package: inputenc 2018/08/11 v1.3c Input encoding file
\inpenc@prehook=\toks14
\inpenc@posthook=\toks15

("C:\Users\User\AppData\Local\Programs\MiKTeX 2.9\tex/latex/base\latin1.def"
File: latin1.def 2018/08/11 v1.3c Input encoding file
))
("C:\Users\User\AppData\Local\Programs\MiKTeX 2.9\tex/latex/float\float.sty"
Package: float 2001/11/08 v1.3d Float enhancements (AL)
\c@float@type=\count88
\float@exts=\toks16
\float@box=\box27
\@float@everytoks=\toks17
\@floatcapt=\box28
)
("C:\Users\User\AppData\Local\Programs\MiKTeX 2.9\tex/latex/amsmath\amsmath.sty
"
Package: amsmath 2019/04/01 v2.17c AMS math features
\@mathmargin=\skip43

For additional information on amsmath, use the `?' option.
("C:\Users\User\AppData\Local\Programs\MiKTeX 2.9\tex/latex/amsmath\amstext.sty
"
Package: amstext 2000/06/29 v2.01 AMS text
 ("C:\Users\User\AppData\Local\Programs\MiKTeX 2.9\tex/latex/amsmath\amsgen.sty
"
File: amsgen.sty 1999/11/30 v2.0 generic functions
\@emptytoks=\toks18
\ex@=\dimen103
))
("C:\Users\User\AppData\Local\Programs\MiKTeX 2.9\tex/latex/amsmath\amsbsy.sty"
Package: amsbsy 1999/11/29 v1.2d Bold Symbols
\pmbraise@=\dimen104
) ("C:\Users\User\AppData\Local\Programs\MiKTeX 2.9\tex/latex/amsmath\amsopn.st
y"
Package: amsopn 2016/03/08 v2.02 operator names
)
\inf@bad=\count89
LaTeX Info: Redefining \frac on input line 227.
\uproot@=\count90
\leftroot@=\count91
LaTeX Info: Redefining \overline on input line 389.
\classnum@=\count92
\DOTSCASE@=\count93
LaTeX Info: Redefining \ldots on input line 486.
LaTeX Info: Redefining \dots on input line 489.
LaTeX Info: Redefining \cdots on input line 610.
\Mathstrutbox@=\box29
\strutbox@=\box30
\big@size=\dimen105
LaTeX Font Info:    Redeclaring font encoding OML on input line 733.
LaTeX Font Info:    Redeclaring font encoding OMS on input line 734.
\macc@depth=\count94
\c@MaxMatrixCols=\count95
\dotsspace@=\muskip10
\c@parentequation=\count96
\dspbrk@lvl=\count97
\tag@help=\toks19
\row@=\count98
\column@=\count99
\maxfields@=\count100
\andhelp@=\toks20
\eqnshift@=\dimen106
\alignsep@=\dimen107
\tagshift@=\dimen108
\tagwidth@=\dimen109
\totwidth@=\dimen110
\lineht@=\dimen111
\@envbody=\toks21
\multlinegap=\skip44
\multlinetaggap=\skip45
\mathdisplay@stack=\toks22
LaTeX Info: Redefining \[ on input line 2855.
LaTeX Info: Redefining \] on input line 2856.
)
("C:\Users\User\AppData\Local\Programs\MiKTeX 2.9\tex/latex/amsfonts\amsfonts.s
ty"
Package: amsfonts 2013/01/14 v3.01 Basic AMSFonts support
\symAMSa=\mathgroup4
\symAMSb=\mathgroup5
LaTeX Font Info:    Redeclaring math symbol \hbar on input line 98.
LaTeX Font Info:    Overwriting math alphabet `\mathfrak' in version `bold'
(Font)                  U/euf/m/n --> U/euf/b/n on input line 106.
)
("C:\Users\User\AppData\Local\Programs\MiKTeX 2.9\tex/latex/amsfonts\amssymb.st
y"
Package: amssymb 2013/01/14 v3.01 AMS font symbols
)
("C:\Users\User\AppData\Local\Programs\MiKTeX 2.9\tex/latex/graphics\graphicx.s
ty"
Package: graphicx 2017/06/01 v1.1a Enhanced LaTeX Graphics (DPC,SPQR)

("C:\Users\User\AppData\Local\Programs\MiKTeX 2.9\tex/latex/graphics\keyval.sty
"
Package: keyval 2014/10/28 v1.15 key=value parser (DPC)
\KV@toks@=\toks23
)
("C:\Users\User\AppData\Local\Programs\MiKTeX 2.9\tex/latex/graphics\graphics.s
ty"
Package: graphics 2019/10/08 v1.3c Standard LaTeX Graphics (DPC,SPQR)

("C:\Users\User\AppData\Local\Programs\MiKTeX 2.9\tex/latex/graphics\trig.sty"
Package: trig 2016/01/03 v1.10 sin cos tan (DPC)
)
("C:\Users\User\AppData\Local\Programs\MiKTeX 2.9\tex/latex/graphics-cfg\graphi
cs.cfg"
File: graphics.cfg 2016/06/04 v1.11 sample graphics configuration
)
Package graphics Info: Driver file: pdftex.def on input line 105.

("C:\Users\User\AppData\Local\Programs\MiKTeX 2.9\tex/latex/graphics-def\pdftex
.def"
File: pdftex.def 2018/01/08 v1.0l Graphics/color driver for pdftex
))
\Gin@req@height=\dimen112
\Gin@req@width=\dimen113
)
("C:\Users\User\AppData\Local\Programs\MiKTeX 2.9\tex/latex/hyperref\hyperref.s
ty"
Package: hyperref 2019/09/28 v7.00a Hypertext links for LaTeX

("C:\Users\User\AppData\Local\Programs\MiKTeX 2.9\tex/generic/oberdiek\hobsub-h
yperref.sty"
Package: hobsub-hyperref 2016/05/16 v1.14 Bundle oberdiek, subset hyperref (HO)


("C:\Users\User\AppData\Local\Programs\MiKTeX 2.9\tex/generic/oberdiek\hobsub-g
eneric.sty"
Package: hobsub-generic 2016/05/16 v1.14 Bundle oberdiek, subset generic (HO)
Package: hobsub 2016/05/16 v1.14 Construct package bundles (HO)
Package: infwarerr 2016/05/16 v1.4 Providing info/warning/error messages (HO)
Package: ltxcmds 2016/05/16 v1.23 LaTeX kernel commands for general use (HO)
Package: ifluatex 2016/05/16 v1.4 Provides the ifluatex switch (HO)
Package ifluatex Info: LuaTeX not detected.
Package: ifvtex 2016/05/16 v1.6 Detect VTeX and its facilities (HO)
Package ifvtex Info: VTeX not detected.
Package: intcalc 2016/05/16 v1.2 Expandable calculations with integers (HO)
Package: ifpdf 2018/09/07 v3.3 Provides the ifpdf switch
Package: etexcmds 2016/05/16 v1.6 Avoid name clashes with e-TeX commands (HO)
Package: kvsetkeys 2016/05/16 v1.17 Key value parser (HO)
Package: kvdefinekeys 2016/05/16 v1.4 Define keys (HO)
Package: pdftexcmds 2019/07/25 v0.30 Utility functions of pdfTeX for LuaTeX (HO
)
Package pdftexcmds Info: LuaTeX not detected.
Package pdftexcmds Info: \pdf@primitive is available.
Package pdftexcmds Info: \pdf@ifprimitive is available.
Package pdftexcmds Info: \pdfdraftmode found.
Package: pdfescape 2016/05/16 v1.14 Implements pdfTeX's escape features (HO)
Package: bigintcalc 2016/05/16 v1.4 Expandable calculations on big integers (HO
)
Package: bitset 2016/05/16 v1.2 Handle bit-vector datatype (HO)
Package: uniquecounter 2016/05/16 v1.3 Provide unlimited unique counter (HO)
)
Package hobsub Info: Skipping package `hobsub' (already loaded).
Package: letltxmacro 2016/05/16 v1.5 Let assignment for LaTeX macros (HO)
Package: hopatch 2016/05/16 v1.3 Wrapper for package hooks (HO)
Package: xcolor-patch 2016/05/16 xcolor patch
Package: atveryend 2016/05/16 v1.9 Hooks at the very end of document (HO)
Package atveryend Info: \enddocument detected (standard20110627).
Package: atbegshi 2016/06/09 v1.18 At begin shipout hook (HO)
Package: refcount 2016/05/16 v3.5 Data extraction from label references (HO)
Package: hycolor 2016/05/16 v1.8 Color options for hyperref/bookmark (HO)
)
("C:\Users\User\AppData\Local\Programs\MiKTeX 2.9\tex/generic/ifxetex\ifxetex.s
ty"
Package: ifxetex 2010/09/12 v0.6 Provides ifxetex conditional
)
("C:\Users\User\AppData\Local\Programs\MiKTeX 2.9\tex/latex/oberdiek\auxhook.st
y"
Package: auxhook 2016/05/16 v1.4 Hooks for auxiliary files (HO)
)
("C:\Users\User\AppData\Local\Programs\MiKTeX 2.9\tex/latex/oberdiek\kvoptions.
sty"
Package: kvoptions 2016/05/16 v3.12 Key value format for package options (HO)
)
\@linkdim=\dimen114
\Hy@linkcounter=\count101
\Hy@pagecounter=\count102

("C:\Users\User\AppData\Local\Programs\MiKTeX 2.9\tex/latex/hyperref\pd1enc.def
"
File: pd1enc.def 2019/09/28 v7.00a Hyperref: PDFDocEncoding definition (HO)
Now handling font encoding PD1 ...
... no UTF-8 mapping file for font encoding PD1
)
\Hy@SavedSpaceFactor=\count103

("C:\Users\User\AppData\Local\Programs\MiKTeX 2.9\tex/latex/00miktex\hyperref.c
fg"
File: hyperref.cfg 2002/06/06 v1.2 hyperref configuration of TeXLive
)
Package hyperref Info: Hyper figures OFF on input line 4540.
Package hyperref Info: Link nesting OFF on input line 4545.
Package hyperref Info: Hyper index ON on input line 4548.
Package hyperref Info: Plain pages OFF on input line 4555.
Package hyperref Info: Backreferencing OFF on input line 4560.
Package hyperref Info: Implicit mode ON; LaTeX internals redefined.
Package hyperref Info: Bookmarks ON on input line 4793.
\c@Hy@tempcnt=\count104
 ("C:\Users\User\AppData\Local\Programs\MiKTeX 2.9\tex/latex/url\url.sty"
\Urlmuskip=\muskip11
Package: url 2013/09/16  ver 3.4  Verb mode for urls, etc.
)
LaTeX Info: Redefining \url on input line 5152.
\XeTeXLinkMargin=\dimen115
\Fld@menulength=\count105
\Field@Width=\dimen116
\Fld@charsize=\dimen117
Package hyperref Info: Hyper figures OFF on input line 6423.
Package hyperref Info: Link nesting OFF on input line 6428.
Package hyperref Info: Hyper index ON on input line 6431.
Package hyperref Info: backreferencing OFF on input line 6438.
Package hyperref Info: Link coloring OFF on input line 6443.
Package hyperref Info: Link coloring with OCG OFF on input line 6448.
Package hyperref Info: PDF/A mode OFF on input line 6453.
LaTeX Info: Redefining \ref on input line 6493.
LaTeX Info: Redefining \pageref on input line 6497.
\Hy@abspage=\count106
\c@Item=\count107
\c@Hfootnote=\count108
)
Package hyperref Info: Driver (autodetected): hpdftex.

("C:\Users\User\AppData\Local\Programs\MiKTeX 2.9\tex/latex/hyperref\hpdftex.de
f"
File: hpdftex.def 2019/09/28 v7.00a Hyperref driver for pdfTeX
\Fld@listcount=\count109
\c@bookmark@seq@number=\count110

("C:\Users\User\AppData\Local\Programs\MiKTeX 2.9\tex/latex/oberdiek\rerunfilec
heck.sty"
Package: rerunfilecheck 2016/05/16 v1.8 Rerun checks for auxiliary files (HO)
Package uniquecounter Info: New unique counter `rerunfilecheck' on input line 2
82.
)
\Hy@SectionHShift=\skip46
)
("C:\Users\User\AppData\Local\Programs\MiKTeX 2.9\tex/latex/changepage\changepa
ge.sty"
Package: changepage 2009/10/20 v1.0c check page and change page layout
\c@cp@cntr=\count111
\cp@tempcnt=\count112
)
("C:\Users\User\AppData\Local\Programs\MiKTeX 2.9\tex/latex/subfig\subfig.sty"
Package: subfig 2005/06/28 ver: 1.3 subfig package

("C:\Users\User\AppData\Local\Programs\MiKTeX 2.9\tex/latex/caption\caption.sty
"
Package: caption 2019/09/01 v3.3d Customizing captions (AR)

("C:\Users\User\AppData\Local\Programs\MiKTeX 2.9\tex/latex/caption\caption3.st
y"
Package: caption3 2019/09/01 v1.8d caption3 kernel (AR)
Package caption3 Info: TeX engine: e-TeX on input line 64.
\captionmargin=\dimen118
\captionmargin@=\dimen119
\captionwidth=\dimen120
\caption@tempdima=\dimen121
\caption@indent=\dimen122
\caption@parindent=\dimen123
\caption@hangindent=\dimen124
)
\c@caption@flags=\count113
\c@ContinuedFloat=\count114
Package caption Info: float package is loaded.
Package caption Info: hyperref package is loaded.
)
\c@KVtest=\count115
\sf@farskip=\skip47
\sf@captopadj=\dimen125
\sf@capskip=\skip48
\sf@nearskip=\skip49
\c@subfigure=\count116
\c@subfigure@save=\count117
\c@lofdepth=\count118
\c@subtable=\count119
\c@subtable@save=\count120
\c@lotdepth=\count121
\sf@top=\skip50
\sf@bottom=\skip51
)
("C:\Users\User\AppData\Local\Programs\MiKTeX 2.9\tex/latex/placeins\placeins.s
ty"
Package: placeins 2005/04/18  v 2.2
) (RASD.aux

LaTeX Warning: Label `fig:automated_request_sequence' multiply defined.


LaTeX Warning: Label `fig:automated_request_sequence' multiply defined.


LaTeX Warning: Label `fig:automated_request_sequence' multiply defined.


LaTeX Warning: Label `fig:automated_request_sequence' multiply defined.

)
\openout1 = `RASD.aux'.

LaTeX Font Info:    Checking defaults for OML/cmm/m/it on input line 25.
LaTeX Font Info:    ... okay on input line 25.
LaTeX Font Info:    Checking defaults for T1/cmr/m/n on input line 25.
LaTeX Font Info:    ... okay on input line 25.
LaTeX Font Info:    Checking defaults for OT1/cmr/m/n on input line 25.
LaTeX Font Info:    ... okay on input line 25.
LaTeX Font Info:    Checking defaults for OMS/cmsy/m/n on input line 25.
LaTeX Font Info:    ... okay on input line 25.
LaTeX Font Info:    Checking defaults for OMX/cmex/m/n on input line 25.
LaTeX Font Info:    ... okay on input line 25.
LaTeX Font Info:    Checking defaults for U/cmr/m/n on input line 25.
LaTeX Font Info:    ... okay on input line 25.
LaTeX Font Info:    Checking defaults for PD1/pdf/m/n on input line 25.
LaTeX Font Info:    ... okay on input line 25.

("C:\Users\User\AppData\Local\Programs\MiKTeX 2.9\tex/context/base/mkii\supp-pd
f.mkii"
[Loading MPS to PDF converter (version 2006.09.02).]
\scratchcounter=\count122
\scratchdimen=\dimen126
\scratchbox=\box31
\nofMPsegments=\count123
\nofMParguments=\count124
\everyMPshowfont=\toks24
\MPscratchCnt=\count125
\MPscratchDim=\dimen127
\MPnumerator=\count126
\makeMPintoPDFobject=\count127
\everyMPtoPDFconversion=\toks25
)
("C:\Users\User\AppData\Local\Programs\MiKTeX 2.9\tex/latex/oberdiek\epstopdf-b
ase.sty"
Package: epstopdf-base 2016/05/15 v2.6 Base part for package epstopdf

("C:\Users\User\AppData\Local\Programs\MiKTeX 2.9\tex/latex/oberdiek\grfext.sty
"
Package: grfext 2016/05/16 v1.2 Manage graphics extensions (HO)
)
Package epstopdf-base Info: Redefining graphics rule for `.eps' on input line 4
38.
Package grfext Info: Graphics extension search list:
(grfext)             [.pdf,.png,.jpg,.mps,.jpeg,.jbig2,.jb2,.PDF,.PNG,.JPG,.JPE
G,.JBIG2,.JB2,.eps]
(grfext)             \AppendGraphicsExtensions on input line 456.
)
\AtBeginShipoutBox=\box32
Package hyperref Info: Link coloring OFF on input line 25.

("C:\Users\User\AppData\Local\Programs\MiKTeX 2.9\tex/latex/hyperref\nameref.st
y"
Package: nameref 2019/09/16 v2.46 Cross-referencing by name of section

("C:\Users\User\AppData\Local\Programs\MiKTeX 2.9\tex/generic/oberdiek\gettitle
string.sty"
Package: gettitlestring 2016/05/16 v1.5 Cleanup title references (HO)
)
\c@section@level=\count128
)
LaTeX Info: Redefining \ref on input line 25.
LaTeX Info: Redefining \pageref on input line 25.
LaTeX Info: Redefining \nameref on input line 25.
 (RASD.out) (RASD.out)
\@outlinefile=\write3
\openout3 = `RASD.out'.

Package caption Info: Begin \AtBeginDocument code.
Package caption Info: subfig package v1.3 is loaded.
Package caption Info: End \AtBeginDocument code.
<Images/polimi.jpg, id=311, 602.25pt x 479.7925pt>
File: Images/polimi.jpg Graphic file (type jpg)
<use Images/polimi.jpg>
Package pdftex.def Info: Images/polimi.jpg  used on input line 29.
(pdftex.def)             Requested size: 390.0pt x 310.712pt.
LaTeX Font Info:    Trying to load font information for U+msa on input line 33.


("C:\Users\User\AppData\Local\Programs\MiKTeX 2.9\tex/latex/amsfonts\umsa.fd"
File: umsa.fd 2013/01/14 v3.01 AMS symbols A
)
LaTeX Font Info:    Trying to load font information for U+msb on input line 33.


("C:\Users\User\AppData\Local\Programs\MiKTeX 2.9\tex/latex/amsfonts\umsb.fd"
File: umsb.fd 2013/01/14 v3.01 AMS symbols B
)
[1

{C:/Users/User/AppData/Local/MiKTeX/2.9/pdftex/config/pdftex.map} <./Images/pol
imi.jpg>] (RASD.toc [2] [3])
\tf@toc=\write4
\openout4 = `RASD.toc'.

 [4]
Overfull \hbox (9.18736pt too wide) in paragraph at lines 39--40
\OT1/cmr/m/n/12 This doc-u-ment will con-tain the \OT1/cmtt/m/n/12 Requirements
 Analysis and Specification
 []

[5]
Overfull \hbox (93.90799pt too wide) in paragraph at lines 50--67
[][] 
 []

LaTeX Font Info:    Trying to load font information for OMS+cmr on input line 7
2.
("C:\Users\User\AppData\Local\Programs\MiKTeX 2.9\tex/latex/base\omscmr.fd"
File: omscmr.fd 2014/09/29 v2.5h Standard LaTeX font definitions
)
LaTeX Font Info:    Font shape `OMS/cmr/m/n' in size <12> not available
(Font)              Font shape `OMS/cmsy/m/n' tried instead on input line 72.

[6]
Overfull \hbox (15.48053pt too wide) in paragraph at lines 121--122
[]\OT1/cmr/m/n/12 Specification Doc-u-ment "Manda-tory Project As-sign-ment A.Y
. 2019/2020" 
 []

[7]
Overfull \hbox (21.30269pt too wide) in paragraph at lines 124--125
[]\OT1/cmr/m/n/12 Alloy Lan-guage Ref-er-ence "http://alloytools.org/download/a
lloy-language-
 []

[8]
<Images/class_diagram.png, id=438, 1165.35374pt x 822.07124pt>
File: Images/class_diagram.png Graphic file (type png)
<use Images/class_diagram.png>
Package pdftex.def Info: Images/class_diagram.png  used on input line 143.
(pdftex.def)             Requested size: 537.75343pt x 379.34901pt.

Overfull \hbox (5.48967pt too wide) in paragraph at lines 143--144
[][] 
 []

[9 <./Images/class_diagram.png>]
<Images/civilian_states.png, id=446, 1657.19125pt x 419.5675pt>
File: Images/civilian_states.png Graphic file (type png)
<use Images/civilian_states.png>
Package pdftex.def Info: Images/civilian_states.png  used on input line 153.
(pdftex.def)             Requested size: 537.75343pt x 136.15295pt.

Overfull \hbox (5.48967pt too wide) in paragraph at lines 153--154
[][] 
 []

<Images/officer_states.png, id=447, 1670.24pt x 409.53pt>
File: Images/officer_states.png Graphic file (type png)
<use Images/officer_states.png>
Package pdftex.def Info: Images/officer_states.png  used on input line 161.
(pdftex.def)             Requested size: 537.75343pt x 131.85213pt.

Overfull \hbox (5.48967pt too wide) in paragraph at lines 161--162
[][] 
 []

<Images/authority_states.png, id=448, 653.44125pt x 264.99pt>
File: Images/authority_states.png Graphic file (type png)
<use Images/authority_states.png>
Package pdftex.def Info: Images/authority_states.png  used on input line 168.
(pdftex.def)             Requested size: 350.99762pt x 142.3404pt.
[10 <./Images/civilian_states.png> <./Images/officer_states.png> <./Images/auth
ority_states.png>] [11] [12] [13]
<Images/Mockup/SchermataIniziale.png, id=472, 323.2075pt x 613.29124pt>
File: Images/Mockup/SchermataIniziale.png Graphic file (type png)
<use Images/Mockup/SchermataIniziale.png>
Package pdftex.def Info: Images/Mockup/SchermataIniziale.png  used on input lin
e 245.
(pdftex.def)             Requested size: 117.00119pt x 222.01057pt.
<Images/Mockup/Login.png, id=473, 322.20375pt x 613.29124pt>
File: Images/Mockup/Login.png Graphic file (type png)
<use Images/Mockup/Login.png>
Package pdftex.def Info: Images/Mockup/Login.png  used on input line 247.
(pdftex.def)             Requested size: 117.00119pt x 222.70308pt.
<Images/Mockup/UpdateData.png, id=474, 322.20375pt x 613.29124pt>
File: Images/Mockup/UpdateData.png Graphic file (type png)
<use Images/Mockup/UpdateData.png>
Package pdftex.def Info: Images/Mockup/UpdateData.png  used on input line 249.
(pdftex.def)             Requested size: 117.00119pt x 222.70308pt.

Overfull \hbox (1.06993pt too wide) in paragraph at lines 241--251
[]\OT1/cmr/bx/n/12 Users\OT1/cmr/m/n/12 : they can ac-cess to SafeStreets func-
tion-al-i-ties through the smart-
 []

<Images/Mockup/user/User_Menu.png, id=475, 322.20375pt x 613.29124pt>
File: Images/Mockup/user/User_Menu.png Graphic file (type png)
<use Images/Mockup/user/User_Menu.png>
Package pdftex.def Info: Images/Mockup/user/User_Menu.png  used on input line 2
55.
(pdftex.def)             Requested size: 117.00119pt x 222.70308pt.
<Images/Mockup/user/UserStatisticsMenu.png, id=476, 322.20375pt x 613.29124pt>
File: Images/Mockup/user/UserStatisticsMenu.png Graphic file (type png)
<use Images/Mockup/user/UserStatisticsMenu.png>
Package pdftex.def Info: Images/Mockup/user/UserStatisticsMenu.png  used on inp
ut line 257.
(pdftex.def)             Requested size: 117.00119pt x 222.70308pt.
<Images/Mockup/user/UserStatistics_Reports.png, id=477, 322.20375pt x 613.29124
pt>
File: Images/Mockup/user/UserStatistics_Reports.png Graphic file (type png)
<use Images/Mockup/user/UserStatistics_Reports.png>
Package pdftex.def Info: Images/Mockup/user/UserStatistics_Reports.png  used on
 input line 263.
(pdftex.def)             Requested size: 117.00119pt x 222.70308pt.
<Images/Mockup/Statistics_HFVZ.png, id=478, 322.20375pt x 613.29124pt>
File: Images/Mockup/Statistics_HFVZ.png Graphic file (type png)
<use Images/Mockup/Statistics_HFVZ.png>
Package pdftex.def Info: Images/Mockup/Statistics_HFVZ.png  used on input line 
265.
(pdftex.def)             Requested size: 117.00119pt x 222.70308pt.
<Images/Mockup/Statistics_GlobalReports.png, id=479, 322.20375pt x 613.29124pt>

File: Images/Mockup/Statistics_GlobalReports.png Graphic file (type png)
<use Images/Mockup/Statistics_GlobalReports.png>
Package pdftex.def Info: Images/Mockup/Statistics_GlobalReports.png  used on in
put line 267.
(pdftex.def)             Requested size: 117.00119pt x 222.70308pt.
[14 <./Images/Mockup/SchermataIniziale.png> <./Images/Mockup/Login.png> <./Imag
es/Mockup/UpdateData.png>]
<Images/Mockup/Report.png, id=493, 322.20375pt x 613.29124pt>
File: Images/Mockup/Report.png Graphic file (type png)
<use Images/Mockup/Report.png>
Package pdftex.def Info: Images/Mockup/Report.png  used on input line 273.
(pdftex.def)             Requested size: 117.00119pt x 222.70308pt.
<Images/Mockup/user/ReportPhoto.png, id=494, 322.20375pt x 613.29124pt>
File: Images/Mockup/user/ReportPhoto.png Graphic file (type png)
<use Images/Mockup/user/ReportPhoto.png>
Package pdftex.def Info: Images/Mockup/user/ReportPhoto.png  used on input line
 275.
(pdftex.def)             Requested size: 117.00119pt x 222.70308pt.
 [15 <./Images/Mockup/user/User_Menu.png> <./Images/Mockup/user/UserStatisticsM
enu.png> <./Images/Mockup/user/UserStatistics_Reports.png> <./Images/Mockup/Sta
tistics_HFVZ.png> <./Images/Mockup/Statistics_GlobalReports.png>]
File: Images/Mockup/SchermataIniziale.png Graphic file (type png)
<use Images/Mockup/SchermataIniziale.png>
Package pdftex.def Info: Images/Mockup/SchermataIniziale.png  used on input lin
e 282.
(pdftex.def)             Requested size: 117.00119pt x 222.01057pt.
<Images/Mockup/officer/LoginOfficer.png, id=511, 322.20375pt x 613.29124pt>
File: Images/Mockup/officer/LoginOfficer.png Graphic file (type png)
<use Images/Mockup/officer/LoginOfficer.png>
Package pdftex.def Info: Images/Mockup/officer/LoginOfficer.png  used on input 
line 284.
(pdftex.def)             Requested size: 117.00119pt x 222.70308pt.
<Images/Mockup/officer/OfficerPIN.png, id=512, 322.20375pt x 613.29124pt>
File: Images/Mockup/officer/OfficerPIN.png Graphic file (type png)
<use Images/Mockup/officer/OfficerPIN.png>
Package pdftex.def Info: Images/Mockup/officer/OfficerPIN.png  used on input li
ne 286.
(pdftex.def)             Requested size: 117.00119pt x 222.70308pt.
<Images/Mockup/officer/MenuOfficer.png, id=513, 322.20375pt x 613.29124pt>
File: Images/Mockup/officer/MenuOfficer.png Graphic file (type png)
<use Images/Mockup/officer/MenuOfficer.png>
Package pdftex.def Info: Images/Mockup/officer/MenuOfficer.png  used on input l
ine 292.
(pdftex.def)             Requested size: 117.00119pt x 222.70308pt.
<Images/Mockup/officer/OfficerStatisticsMenu.png, id=514, 322.20375pt x 613.291
24pt>
File: Images/Mockup/officer/OfficerStatisticsMenu.png Graphic file (type png)
<use Images/Mockup/officer/OfficerStatisticsMenu.png>
Package pdftex.def Info: Images/Mockup/officer/OfficerStatisticsMenu.png  used 
on input line 294.
(pdftex.def)             Requested size: 117.00119pt x 222.70308pt.
<Images/Mockup/officer/OfficerStatistics_YourChecks.png, id=515, 322.20375pt x 
613.29124pt>
File: Images/Mockup/officer/OfficerStatistics_YourChecks.png Graphic file (type
 png)
<use Images/Mockup/officer/OfficerStatistics_YourChecks.png>
Package pdftex.def Info: Images/Mockup/officer/OfficerStatistics_YourChecks.png
  used on input line 300.
(pdftex.def)             Requested size: 117.00119pt x 222.70308pt.
File: Images/Mockup/Statistics_HFVZ.png Graphic file (type png)
<use Images/Mockup/Statistics_HFVZ.png>
Package pdftex.def Info: Images/Mockup/Statistics_HFVZ.png  used on input line 
302.
(pdftex.def)             Requested size: 117.00119pt x 222.70308pt.
 [16 <./Images/Mockup/Report.png> <./Images/Mockup/user/ReportPhoto.png> <./Ima
ges/Mockup/officer/LoginOfficer.png> <./Images/Mockup/officer/OfficerPIN.png>]
File: Images/Mockup/Statistics_GlobalReports.png Graphic file (type png)
<use Images/Mockup/Statistics_GlobalReports.png>
Package pdftex.def Info: Images/Mockup/Statistics_GlobalReports.png  used on in
put line 307.
(pdftex.def)             Requested size: 117.00119pt x 222.70308pt.
<Images/Mockup/officer/Statistics_RepeatViolations.png, id=531, 323.2075pt x 61
3.29124pt>
File: Images/Mockup/officer/Statistics_RepeatViolations.png Graphic file (type 
png)
<use Images/Mockup/officer/Statistics_RepeatViolations.png>
Package pdftex.def Info: Images/Mockup/officer/Statistics_RepeatViolations.png 
 used on input line 309.
(pdftex.def)             Requested size: 117.00119pt x 222.01057pt.
<Images/Mockup/officer/CheckViolation.png, id=532, 323.2075pt x 613.29124pt>
File: Images/Mockup/officer/CheckViolation.png Graphic file (type png)
<use Images/Mockup/officer/CheckViolation.png>
Package pdftex.def Info: Images/Mockup/officer/CheckViolation.png  used on inpu
t line 315.
(pdftex.def)             Requested size: 117.00119pt x 222.01057pt.
<Images/Mockup/officer/UnderInvestigation.png, id=533, 323.2075pt x 613.29124pt
>
File: Images/Mockup/officer/UnderInvestigation.png Graphic file (type png)
<use Images/Mockup/officer/UnderInvestigation.png>
Package pdftex.def Info: Images/Mockup/officer/UnderInvestigation.png  used on 
input line 317.
(pdftex.def)             Requested size: 117.00119pt x 222.01057pt.
 [17 <./Images/Mockup/officer/MenuOfficer.png> <./Images/Mockup/officer/Officer
StatisticsMenu.png> <./Images/Mockup/officer/OfficerStatistics_YourChecks.png>]
<Images/Mockup/officer/ViolationConfirmed.png, id=547, 323.2075pt x 613.29124pt
>
File: Images/Mockup/officer/ViolationConfirmed.png Graphic file (type png)
<use Images/Mockup/officer/ViolationConfirmed.png>
Package pdftex.def Info: Images/Mockup/officer/ViolationConfirmed.png  used on 
input line 322.
(pdftex.def)             Requested size: 117.00119pt x 222.01057pt.
<Images/Mockup/officer/ViolationNotConfirmed.png, id=548, 322.20375pt x 613.291
24pt>
File: Images/Mockup/officer/ViolationNotConfirmed.png Graphic file (type png)
<use Images/Mockup/officer/ViolationNotConfirmed.png>
Package pdftex.def Info: Images/Mockup/officer/ViolationNotConfirmed.png  used 
on input line 324.
(pdftex.def)             Requested size: 117.00119pt x 222.70308pt.
 [18 <./Images/Mockup/officer/Statistics_RepeatViolations.png> <./Images/Mockup
/officer/CheckViolation.png> <./Images/Mockup/officer/UnderInvestigation.png>]
<Images/Mockup/AuthorityWebApp.png, id=562, 734.745pt x 563.10374pt>
File: Images/Mockup/AuthorityWebApp.png Graphic file (type png)
<use Images/Mockup/AuthorityWebApp.png>
Package pdftex.def Info: Images/Mockup/AuthorityWebApp.png  used on input line 
330.
(pdftex.def)             Requested size: 390.00719pt x 195.00134pt.
 [19 <./Images/Mockup/officer/ViolationConfirmed.png> <./Images/Mockup/officer/
ViolationNotConfirmed.png> <./Images/Mockup/AuthorityWebApp.png>]
[20] [21] [22] [23] [24] [25] [26]
<Images/UseCaseDiagram.png, id=604, 1317.92375pt x 1597.97pt>
File: Images/UseCaseDiagram.png Graphic file (type png)
<use Images/UseCaseDiagram.png>
Package pdftex.def Info: Images/UseCaseDiagram.png  used on input line 503.
(pdftex.def)             Requested size: 467.99692pt x 532.79353pt.

Overfull \hbox (77.99692pt too wide) in paragraph at lines 503--504
 [][] 
 []

[27 <./Images/UseCaseDiagram.png>]
Overfull \hbox (88.49265pt too wide) in paragraph at lines 510--533
 [] 
 []


Overfull \hbox (57.26378pt too wide) in paragraph at lines 537--560
 [] 
 []

[28]
Overfull \hbox (64.64009pt too wide) in paragraph at lines 564--592
 [] 
 []


Overfull \hbox (57.26378pt too wide) in paragraph at lines 596--621
 [] 
 []


Overfull \hbox (23.8419pt too wide) in paragraph at lines 625--656
 [] 
 []

[29]
Overfull \hbox (16.92253pt too wide) in paragraph at lines 660--684
 [] 
 []


Overfull \hbox (11.04759pt too wide) in paragraph at lines 688--711
 [] 
 []

[30]
Overfull \hbox (11.04759pt too wide) in paragraph at lines 715--736
 [] 
 []

<Images/registration_sequence.png, id=623, 143.63663pt x 196.3335pt>
File: Images/registration_sequence.png Graphic file (type png)
<use Images/registration_sequence.png>
Package pdftex.def Info: Images/registration_sequence.png  used on input line 7
42.
(pdftex.def)             Requested size: 351.02518pt x 479.80795pt.
[31]
<Images/Off_registration.png, id=629, 694.595pt x 906.38625pt>
File: Images/Off_registration.png Graphic file (type png)
<use Images/Off_registration.png>
Package pdftex.def Info: Images/Off_registration.png  used on input line 749.
(pdftex.def)             Requested size: 351.00618pt x 458.03262pt.
 [32 <./Images/registration_sequence.png>]
<Images/Civilian_report.png, id=636, 1200.485pt x 1055.945pt>
File: Images/Civilian_report.png Graphic file (type png)
<use Images/Civilian_report.png>
Package pdftex.def Info: Images/Civilian_report.png  used on input line 755.
(pdftex.def)             Requested size: 467.98578pt x 532.78882pt.

Overfull \hbox (77.98578pt too wide) in paragraph at lines 755--757
 [][] 
 []

[33 <./Images/Off_registration.png>]
<Images/invalidation_banning.png, id=643, 892.33376pt x 1287.81125pt>
File: Images/invalidation_banning.png Graphic file (type png)
<use Images/invalidation_banning.png>
Package pdftex.def Info: Images/invalidation_banning.png  used on input line 76
1.
(pdftex.def)             Requested size: 351.00427pt x 506.56746pt.
 [34 <./Images/Civilian_report.png>]
<Images/automated_ticket.png, id=650, 485.815pt x 665.48625pt>
File: Images/automated_ticket.png Graphic file (type png)
<use Images/automated_ticket.png>
Package pdftex.def Info: Images/automated_ticket.png  used on input line 767.
(pdftex.def)             Requested size: 350.99484pt x 480.80492pt.

[35 <./Images/invalidation_banning.png>] [36 <./Images/automated_ticket.png>]
<Images/update_sending.png, id=663, 1048.91875pt x 665.48625pt>
File: Images/update_sending.png Graphic file (type png)
<use Images/update_sending.png>
Package pdftex.def Info: Images/update_sending.png  used on input line 774.
(pdftex.def)             Requested size: 350.99382pt x 222.68794pt.

[37 <./Images/update_sending.png>] [38] [39] [40]
<Images/Alloy/sig1.png, id=683, 433.01775pt x 430.90988pt>
File: Images/Alloy/sig1.png Graphic file (type png)
<use Images/Alloy/sig1.png>
Package pdftex.def Info: Images/Alloy/sig1.png  used on input line 821.
(pdftex.def)             Requested size: 448.14742pt x 445.96591pt.
<Images/Alloy/sig2.png, id=684, 357.7365pt x 405.61537pt>
File: Images/Alloy/sig2.png Graphic file (type png)
<use Images/Alloy/sig2.png>
Package pdftex.def Info: Images/Alloy/sig2.png  used on input line 827.
(pdftex.def)             Requested size: 418.2716pt x 474.25243pt.
 [41 <./Images/Alloy/sig1.png>]
<Images/Alloy/facts1.png, id=690, 456.5055pt x 438.13687pt>
File: Images/Alloy/facts1.png Graphic file (type png)
<use Images/Alloy/facts1.png>
Package pdftex.def Info: Images/Alloy/facts1.png  used on input line 836.
(pdftex.def)             Requested size: 448.13159pt x 430.0999pt.
<Images/Alloy/facts2.png, id=691, 523.05412pt x 463.43138pt>
File: Images/Alloy/facts2.png Graphic file (type png)
<use Images/Alloy/facts2.png>
Package pdftex.def Info: Images/Alloy/facts2.png  used on input line 842.
(pdftex.def)             Requested size: 507.9046pt x 450.00876pt.
 [42 <./Images/Alloy/sig2.png>] [43 <./Images/Alloy/facts1.png>]
<Images/Alloy/asserts.png, id=703, 510.10574pt x 440.54587pt>
File: Images/Alloy/asserts.png Graphic file (type png)
<use Images/Alloy/asserts.png>
Package pdftex.def Info: Images/Alloy/asserts.png  used on input line 851.
(pdftex.def)             Requested size: 448.13943pt x 387.0295pt.
 [44 <./Images/Alloy/facts2.png>]
<Images/Alloy/preds.png, id=710, 371.58826pt x 388.15013pt>
File: Images/Alloy/preds.png Graphic file (type png)
<use Images/Alloy/preds.png>
Package pdftex.def Info: Images/Alloy/preds.png  used on input line 860.
(pdftex.def)             Requested size: 478.0354pt x 499.34169pt.
 [45 <./Images/Alloy/asserts.png>]
<Images/Alloy/results.png, id=716, 419.46713pt x 468.85162pt>
File: Images/Alloy/results.png Graphic file (type png)
<use Images/Alloy/results.png>
Package pdftex.def Info: Images/Alloy/results.png  used on input line 868.
(pdftex.def)             Requested size: 358.5265pt x 400.73637pt.
 [46 <./Images/Alloy/preds.png>] [47 <./Images/Alloy/results.png>]
Underfull \hbox (badness 10000) in paragraph at lines 873--875

 []

<Images/Alloy/smallWorld.png, id=729, 378.66469pt x 251.6903pt>
File: Images/Alloy/smallWorld.png Graphic file (type png)
<use Images/Alloy/smallWorld.png>
Package pdftex.def Info: Images/Alloy/smallWorld.png  used on input line 879.
(pdftex.def)             Requested size: 378.66376pt x 251.68968pt.
[48 <./Images/Alloy/smallWorld.png>]
<Images/Alloy/bigWorld.png, id=736, 552.31343pt x 379.66844pt>
File: Images/Alloy/bigWorld.png Graphic file (type png)
<use Images/Alloy/bigWorld.png>
Package pdftex.def Info: Images/Alloy/bigWorld.png  used on input line 889.
(pdftex.def)             Requested size: 567.63065pt x 390.24022pt.

Overfull \hbox (35.36688pt too wide) in paragraph at lines 889--890
 [] 
 []

[49 <./Images/Alloy/bigWorld.png>]
Overfull \hbox (35.93391pt too wide) in paragraph at lines 900--916
 [] 
 []


Overfull \hbox (35.93391pt too wide) in paragraph at lines 919--932
 [] 
 []

Package atveryend Info: Empty hook `BeforeClearDocument' on input line 934.
[50]
Package atveryend Info: Empty hook `AfterLastShipout' on input line 934.
 (RASD.aux)
Package atveryend Info: Executing hook `AtVeryEndDocument' on input line 934.
Package atveryend Info: Executing hook `AtEndAfterFileList' on input line 934.


Package rerunfilecheck Warning: File `RASD.out' has changed.
(rerunfilecheck)                Rerun to get outlines right
(rerunfilecheck)                or use package `bookmark'.

Package rerunfilecheck Info: Checksums for `RASD.out':
(rerunfilecheck)             Before: 297BF26D9928D5110C1BF1826A6100FD;5871
(rerunfilecheck)             After:  F1B89B53763741B8E866D4A1BE68A3ED;5795.

LaTeX Warning: There were multiply-defined labels.

Package atveryend Info: Empty hook `AtVeryVeryEnd' on input line 934.
 ) 
Here is how much of TeX's memory you used:
 8158 strings out of 492453
 128213 string characters out of 3120542
 214848 words of memory out of 3000000
 12199 multiletter control sequences out of 15000+200000
 13532 words of font info for 52 fonts, out of 3000000 for 9000
 1141 hyphenation exceptions out of 8191
 47i,10n,49p,1110b,485s stack positions out of 5000i,500n,10000p,200000b,50000s
<C:/Users/User/AppData/Local/Programs/MiKTeX 2.9/fonts/type1/public/amsfonts/
cm/cmbx12.pfb><C:/Users/User/AppData/Local/Programs/MiKTeX 2.9/fonts/type1/publ
ic/amsfonts/cm/cmr10.pfb><C:/Users/User/AppData/Local/Programs/MiKTeX 2.9/fonts
/type1/public/amsfonts/cm/cmr12.pfb><C:/Users/User/AppData/Local/Programs/MiKTe
X 2.9/fonts/type1/public/amsfonts/cm/cmsy10.pfb><C:/Users/User/AppData/Local/Pr
ograms/MiKTeX 2.9/fonts/type1/public/amsfonts/cm/cmti10.pfb><C:/Users/User/AppD
ata/Local/Programs/MiKTeX 2.9/fonts/type1/public/amsfonts/cm/cmtt12.pfb>
Output written on RASD.pdf (50 pages, 3887503 bytes).
PDF statistics:
 811 PDF objects out of 1000 (max. 8388607)
 191 named destinations out of 1000 (max. 500000)
 827 words of extra memory for PDF output out of 10000 (max. 10000000)

