\BOOKMARK [1][-]{section.1}{INTRODUCTION}{}% 1
\BOOKMARK [2][-]{subsection.1.1}{Purpose}{section.1}% 2
\BOOKMARK [2][-]{subsection.1.2}{Scope}{section.1}% 3
\BOOKMARK [3][-]{subsubsection.1.2.1}{Goals}{subsection.1.2}% 4
\BOOKMARK [2][-]{subsection.1.3}{Definitions, Acronyms, Abbreviations}{section.1}% 5
\BOOKMARK [3][-]{subsubsection.1.3.1}{Definitions}{subsection.1.3}% 6
\BOOKMARK [3][-]{subsubsection.1.3.2}{Acronyms}{subsection.1.3}% 7
\BOOKMARK [3][-]{subsubsection.1.3.3}{Abbreviations}{subsection.1.3}% 8
\BOOKMARK [2][-]{subsection.1.4}{Revision history}{section.1}% 9
\BOOKMARK [2][-]{subsection.1.5}{Reference Documents}{section.1}% 10
\BOOKMARK [2][-]{subsection.1.6}{Document Structure}{section.1}% 11
\BOOKMARK [1][-]{section.2}{OVERALL DESCRIPTION}{}% 12
\BOOKMARK [2][-]{subsection.2.1}{Product perspective : UML + STATECHARTS}{section.2}% 13
\BOOKMARK [2][-]{subsection.2.2}{Civilian}{section.2}% 14
\BOOKMARK [2][-]{subsection.2.3}{Officer}{section.2}% 15
\BOOKMARK [2][-]{subsection.2.4}{Authority}{section.2}% 16
\BOOKMARK [2][-]{subsection.2.5}{Product functions}{section.2}% 17
\BOOKMARK [2][-]{subsection.2.6}{User characteristics}{section.2}% 18
\BOOKMARK [2][-]{subsection.2.7}{Domain assumptions}{section.2}% 19
\BOOKMARK [1][-]{section.3}{SPECIFIC REQUIREMENTS: Here we include more details on all aspects in Section 2 if they can be useful for the development team}{}% 20
\BOOKMARK [2][-]{subsection.3.1}{External Interface Requirements}{section.3}% 21
\BOOKMARK [3][-]{subsubsection.3.1.1}{User Interfaces}{subsection.3.1}% 22
\BOOKMARK [3][-]{subsubsection.3.1.2}{Hardware Interfaces}{subsection.3.1}% 23
\BOOKMARK [3][-]{subsubsection.3.1.3}{Software Interfaces}{subsection.3.1}% 24
\BOOKMARK [3][-]{subsubsection.3.1.4}{Communication Interfaces}{subsection.3.1}% 25
\BOOKMARK [2][-]{subsection.3.2}{Scenarios}{section.3}% 26
\BOOKMARK [3][-]{subsubsection.3.2.1}{User registration}{subsection.3.2}% 27
\BOOKMARK [3][-]{subsubsection.3.2.2}{Correct violation reporting}{subsection.3.2}% 28
\BOOKMARK [3][-]{subsubsection.3.2.3}{Wrong violation reporting}{subsection.3.2}% 29
\BOOKMARK [3][-]{subsubsection.3.2.4}{Officer registration}{subsection.3.2}% 30
\BOOKMARK [3][-]{subsubsection.3.2.5}{Correct Ticket Emission}{subsection.3.2}% 31
\BOOKMARK [3][-]{subsubsection.3.2.6}{Wrong report discarded by an officer}{subsection.3.2}% 32
\BOOKMARK [2][-]{subsection.3.3}{Functional Requirements: Definition of use case diagrams, use cases and associated sequence/activity diagrams, and mapping on requirements}{section.3}% 33
\BOOKMARK [2][-]{subsection.3.4}{Requirements}{section.3}% 34
\BOOKMARK [3][-]{subsubsection.3.4.1}{G1: Allow future users to easily register and login.}{subsection.3.4}% 35
\BOOKMARK [3][-]{subsubsection.3.4.2}{G2: Allow users to notify authorities of traffic violations through the use of the camera.}{subsection.3.4}% 36
\BOOKMARK [3][-]{subsubsection.3.4.3}{G3: Store relevant info about the violation in the data warehouse.}{subsection.3.4}% 37
\BOOKMARK [3][-]{subsubsection.3.4.4}{G4: Assist authorities in the process of law enforcement.}{subsection.3.4}% 38
\BOOKMARK [3][-]{subsubsection.3.4.5}{G5: Guarantee security.}{subsection.3.4}% 39
\BOOKMARK [3][-]{subsubsection.3.4.6}{G6: Guarantee privacy to users.}{subsection.3.4}% 40
\BOOKMARK [2][-]{subsection.3.5}{Use case Diagram}{section.3}% 41
\BOOKMARK [2][-]{subsection.3.6}{Use cases}{section.3}% 42
\BOOKMARK [3][-]{subsubsection.3.6.1}{Civilian Visitor Registration}{subsection.3.6}% 43
\BOOKMARK [3][-]{subsubsection.3.6.2}{Civilian Login}{subsection.3.6}% 44
\BOOKMARK [3][-]{subsubsection.3.6.3}{Officer Registration}{subsection.3.6}% 45
\BOOKMARK [3][-]{subsubsection.3.6.4}{Officer Login}{subsection.3.6}% 46
\BOOKMARK [3][-]{subsubsection.3.6.5}{Violation reporting}{subsection.3.6}% 47
\BOOKMARK [3][-]{subsubsection.3.6.6}{Ticket confirmation}{subsection.3.6}% 48
\BOOKMARK [3][-]{subsubsection.3.6.7}{Report validation}{subsection.3.6}% 49
\BOOKMARK [3][-]{subsubsection.3.6.8}{Report invalidation with warning}{subsection.3.6}% 50
\BOOKMARK [2][-]{subsection.3.7}{Sequence diagrams}{section.3}% 51
\BOOKMARK [3][-]{subsubsection.3.7.1}{Visitor to Civilian Registration}{subsection.3.7}% 52
\BOOKMARK [3][-]{subsubsection.3.7.2}{Officer Registration}{subsection.3.7}% 53
\BOOKMARK [3][-]{subsubsection.3.7.3}{Correct violation report}{subsection.3.7}% 54
\BOOKMARK [3][-]{subsubsection.3.7.4}{Invalid violation with subsequent banning}{subsection.3.7}% 55
\BOOKMARK [3][-]{subsubsection.3.7.5}{Automated Ticket}{subsection.3.7}% 56
\BOOKMARK [3][-]{subsubsection.3.7.6}{Update sending}{subsection.3.7}% 57
\BOOKMARK [2][-]{subsection.3.8}{Performance Requirements}{section.3}% 58
\BOOKMARK [2][-]{subsection.3.9}{Design Constraints}{section.3}% 59
\BOOKMARK [3][-]{subsubsection.3.9.1}{Hardware Limitations}{subsection.3.9}% 60
\BOOKMARK [3][-]{subsubsection.3.9.2}{Standards compliance}{subsection.3.9}% 61
\BOOKMARK [3][-]{subsubsection.3.9.3}{Hardware limitations}{subsection.3.9}% 62
\BOOKMARK [3][-]{subsubsection.3.9.4}{Any other constraint}{subsection.3.9}% 63
\BOOKMARK [2][-]{subsection.3.10}{Software System Attributes}{section.3}% 64
\BOOKMARK [3][-]{subsubsection.3.10.1}{Reliability}{subsection.3.10}% 65
\BOOKMARK [3][-]{subsubsection.3.10.2}{Availability}{subsection.3.10}% 66
\BOOKMARK [3][-]{subsubsection.3.10.3}{Security}{subsection.3.10}% 67
\BOOKMARK [3][-]{subsubsection.3.10.4}{Maintainability}{subsection.3.10}% 68
\BOOKMARK [3][-]{subsubsection.3.10.5}{Scalability}{subsection.3.10}% 69
\BOOKMARK [1][-]{section.4}{FORMAL ANALYSIS USING ALLOY: This section should include a brief presentation of the main objectives driving the formal modeling activity, as well as a description of the model itself, what can be proved with it, and why what is proved is important given the problem at hand. To show the soundness and correctness of the model, this section can show some worlds obtained by running it, and/or the results of the checks performed on meaningful assertions}{}% 70
\BOOKMARK [1][-]{section.5}{EFFORT SPENT}{}% 71
\BOOKMARK [1][-]{section.6}{REFERENCES}{}% 72
